2022-03-02 17:49:00
Array
(
    [0] => 0x7777420dd0e5f0e13d51c831f77495a057aabbbb
)
Array
(
    [0] => Array
        (
            [jsonrpc] => 2.0
            [method] => eth_call
            [params] => Array
                (
                    [0] => Array
                        (
                            [data] => 0x6c75356b0000000000000000000000007777420dd0e5f0e13d51c831f77495a057aabbbb00000000000000000000000000000000000000000000000000000000000000000000000000000000000000000000000000000000000000000000000000000000
                            [to] => 0xa9a2d6b16f3dd4c145aa8c875b9ceb8cda3022e3
                        )

                    [1] => latest
                )

            [id] => 0x7777420dd0e5f0e13d51c831f77495a057aabbbb-ddao_seed_aviable
        )

    [1] => Array
        (
            [jsonrpc] => 2.0
            [method] => eth_call
            [params] => Array
                (
                    [0] => Array
                        (
                            [data] => 0x0cabfbb300000000000000000000000000000000000000000000000000000000000000000000000000000000000000007777420dd0e5f0e13d51c831f77495a057aabbbb
                            [to] => 0xa9a2d6b16f3dd4c145aa8c875b9ceb8cda3022e3
                        )

                    [1] => latest
                )

            [id] => 0x7777420dd0e5f0e13d51c831f77495a057aabbbb-ddao_seed_claimed
        )

    [2] => Array
        (
            [jsonrpc] => 2.0
            [method] => eth_call
            [params] => Array
                (
                    [0] => Array
                        (
                            [data] => 0x70a082310000000000000000000000007777420dd0e5f0e13d51c831f77495a057aabbbb
                            [to] => 0x90F3edc7D5298918F7BB51694134b07356F7d0C7
                        )

                    [1] => latest
                )

            [id] => 0x7777420dd0e5f0e13d51c831f77495a057aabbbb-ddao_balance
        )

    [3] => Array
        (
            [jsonrpc] => 2.0
            [method] => eth_call
            [params] => Array
                (
                    [0] => Array
                        (
                            [data] => 0x6c75356b0000000000000000000000007777420dd0e5f0e13d51c831f77495a057aabbbb00000000000000000000000000000000000000000000000000000000000000010000000000000000000000000000000000000000000000000000000000000000
                            [to] => 0xa9a2d6b16f3dd4c145aa8c875b9ceb8cda3022e3
                        )

                    [1] => latest
                )

            [id] => 0x7777420dd0e5f0e13d51c831f77495a057aabbbb-ddao_private1_aviable
        )

    [4] => Array
        (
            [jsonrpc] => 2.0
            [method] => eth_call
            [params] => Array
                (
                    [0] => Array
                        (
                            [data] => 0x0cabfbb300000000000000000000000000000000000000000000000000000000000000010000000000000000000000007777420dd0e5f0e13d51c831f77495a057aabbbb
                            [to] => 0xa9a2d6b16f3dd4c145aa8c875b9ceb8cda3022e3
                        )

                    [1] => latest
                )

            [id] => 0x7777420dd0e5f0e13d51c831f77495a057aabbbb-ddao_private1_claimed
        )

    [5] => Array
        (
            [jsonrpc] => 2.0
            [method] => eth_call
            [params] => Array
                (
                    [0] => Array
                        (
                            [data] => 0x70a082310000000000000000000000007777420dd0e5f0e13d51c831f77495a057aabbbb
                            [to] => 0x90F3edc7D5298918F7BB51694134b07356F7d0C7
                        )

                    [1] => latest
                )

            [id] => 0x7777420dd0e5f0e13d51c831f77495a057aabbbb-ddao_balance
        )

    [6] => Array
        (
            [jsonrpc] => 2.0
            [method] => eth_call
            [params] => Array
                (
                    [0] => Array
                        (
                            [data] => 0x6c75356b0000000000000000000000007777420dd0e5f0e13d51c831f77495a057aabbbb00000000000000000000000000000000000000000000000000000000000000020000000000000000000000000000000000000000000000000000000000000000
                            [to] => 0xa9a2d6b16f3dd4c145aa8c875b9ceb8cda3022e3
                        )

                    [1] => latest
                )

            [id] => 0x7777420dd0e5f0e13d51c831f77495a057aabbbb-ddao_private2_aviable
        )

    [7] => Array
        (
            [jsonrpc] => 2.0
            [method] => eth_call
            [params] => Array
                (
                    [0] => Array
                        (
                            [data] => 0x0cabfbb300000000000000000000000000000000000000000000000000000000000000020000000000000000000000007777420dd0e5f0e13d51c831f77495a057aabbbb
                            [to] => 0xa9a2d6b16f3dd4c145aa8c875b9ceb8cda3022e3
                        )

                    [1] => latest
                )

            [id] => 0x7777420dd0e5f0e13d51c831f77495a057aabbbb-ddao_private2_claimed
        )

    [8] => Array
        (
            [jsonrpc] => 2.0
            [method] => eth_call
            [params] => Array
                (
                    [0] => Array
                        (
                            [data] => 0x70a082310000000000000000000000007777420dd0e5f0e13d51c831f77495a057aabbbb
                            [to] => 0x90F3edc7D5298918F7BB51694134b07356F7d0C7
                        )

                    [1] => latest
                )

            [id] => 0x7777420dd0e5f0e13d51c831f77495a057aabbbb-ddao_balance
        )

)
Send 9 requests to blockchain []
curl --connect-timeout 1 -H 'content-type: application/json' -X POST --data '[{"jsonrpc":"2.0","method":"eth_call","params":[{"data":"0x6c75356b0000000000000000000000007777420dd0e5f0e13d51c831f77495a057aabbbb00000000000000000000000000000000000000000000000000000000000000000000000000000000000000000000000000000000000000000000000000000000","to":"0xa9a2d6b16f3dd4c145aa8c875b9ceb8cda3022e3"},"latest"],"id":"0x7777420dd0e5f0e13d51c831f77495a057aabbbb-ddao_seed_aviable"},{"jsonrpc":"2.0","method":"eth_call","params":[{"data":"0x0cabfbb300000000000000000000000000000000000000000000000000000000000000000000000000000000000000007777420dd0e5f0e13d51c831f77495a057aabbbb","to":"0xa9a2d6b16f3dd4c145aa8c875b9ceb8cda3022e3"},"latest"],"id":"0x7777420dd0e5f0e13d51c831f77495a057aabbbb-ddao_seed_claimed"},{"jsonrpc":"2.0","method":"eth_call","params":[{"data":"0x70a082310000000000000000000000007777420dd0e5f0e13d51c831f77495a057aabbbb","to":"0x90F3edc7D5298918F7BB51694134b07356F7d0C7"},"latest"],"id":"0x7777420dd0e5f0e13d51c831f77495a057aabbbb-ddao_balance"},{"jsonrpc":"2.0","method":"eth_call","params":[{"data":"0x6c75356b0000000000000000000000007777420dd0e5f0e13d51c831f77495a057aabbbb00000000000000000000000000000000000000000000000000000000000000010000000000000000000000000000000000000000000000000000000000000000","to":"0xa9a2d6b16f3dd4c145aa8c875b9ceb8cda3022e3"},"latest"],"id":"0x7777420dd0e5f0e13d51c831f77495a057aabbbb-ddao_private1_aviable"},{"jsonrpc":"2.0","method":"eth_call","params":[{"data":"0x0cabfbb300000000000000000000000000000000000000000000000000000000000000010000000000000000000000007777420dd0e5f0e13d51c831f77495a057aabbbb","to":"0xa9a2d6b16f3dd4c145aa8c875b9ceb8cda3022e3"},"latest"],"id":"0x7777420dd0e5f0e13d51c831f77495a057aabbbb-ddao_private1_claimed"},{"jsonrpc":"2.0","method":"eth_call","params":[{"data":"0x70a082310000000000000000000000007777420dd0e5f0e13d51c831f77495a057aabbbb","to":"0x90F3edc7D5298918F7BB51694134b07356F7d0C7"},"latest"],"id":"0x7777420dd0e5f0e13d51c831f77495a057aabbbb-ddao_balance"},{"jsonrpc":"2.0","method":"eth_call","params":[{"data":"0x6c75356b0000000000000000000000007777420dd0e5f0e13d51c831f77495a057aabbbb00000000000000000000000000000000000000000000000000000000000000020000000000000000000000000000000000000000000000000000000000000000","to":"0xa9a2d6b16f3dd4c145aa8c875b9ceb8cda3022e3"},"latest"],"id":"0x7777420dd0e5f0e13d51c831f77495a057aabbbb-ddao_private2_aviable"},{"jsonrpc":"2.0","method":"eth_call","params":[{"data":"0x0cabfbb300000000000000000000000000000000000000000000000000000000000000020000000000000000000000007777420dd0e5f0e13d51c831f77495a057aabbbb","to":"0xa9a2d6b16f3dd4c145aa8c875b9ceb8cda3022e3"},"latest"],"id":"0x7777420dd0e5f0e13d51c831f77495a057aabbbb-ddao_private2_claimed"},{"jsonrpc":"2.0","method":"eth_call","params":[{"data":"0x70a082310000000000000000000000007777420dd0e5f0e13d51c831f77495a057aabbbb","to":"0x90F3edc7D5298918F7BB51694134b07356F7d0C7"},"latest"],"id":"0x7777420dd0e5f0e13d51c831f77495a057aabbbb-ddao_balance"}]'  https://rpc5-matic.infocoin.pro/  2>/dev/null
Get data from blockchain in 9 requests [0 sec]

Array
(
    [0] => Array
        (
            [jsonrpc] => 2.0
            [id] => 0x7777420dd0e5f0e13d51c831f77495a057aabbbb-ddao_seed_aviable
            [result] => 0x00000000000000000000000000000000000000000000002b913c3312c77c270d
        )

    [1] => Array
        (
            [jsonrpc] => 2.0
            [id] => 0x7777420dd0e5f0e13d51c831f77495a057aabbbb-ddao_seed_claimed
            [result] => 0x0000000000000000000000000000000000000000000000000000000000000000
        )

    [2] => Array
        (
            [jsonrpc] => 2.0
            [id] => 0x7777420dd0e5f0e13d51c831f77495a057aabbbb-ddao_balance
            [result] => 0x0000000000000000000000000000000000000000000000000000000000000000
        )

    [3] => Array
        (
            [jsonrpc] => 2.0
            [id] => 0x7777420dd0e5f0e13d51c831f77495a057aabbbb-ddao_private1_aviable
            [result] => 0x0000000000000000000000000000000000000000000000000000000000000000
        )

    [4] => Array
        (
            [jsonrpc] => 2.0
            [id] => 0x7777420dd0e5f0e13d51c831f77495a057aabbbb-ddao_private1_claimed
            [result] => 0x0000000000000000000000000000000000000000000000000000000000000000
        )

    [5] => Array
        (
            [jsonrpc] => 2.0
            [id] => 0x7777420dd0e5f0e13d51c831f77495a057aabbbb-ddao_balance
            [result] => 0x0000000000000000000000000000000000000000000000000000000000000000
        )

    [6] => Array
        (
            [jsonrpc] => 2.0
            [id] => 0x7777420dd0e5f0e13d51c831f77495a057aabbbb-ddao_private2_aviable
            [result] => 0x0000000000000000000000000000000000000000000000000000000000000000
        )

    [7] => Array
        (
            [jsonrpc] => 2.0
            [id] => 0x7777420dd0e5f0e13d51c831f77495a057aabbbb-ddao_private2_claimed
            [result] => 0x0000000000000000000000000000000000000000000000000000000000000000
        )

    [8] => Array
        (
            [jsonrpc] => 2.0
            [id] => 0x7777420dd0e5f0e13d51c831f77495a057aabbbb-ddao_balance
            [result] => 0x0000000000000000000000000000000000000000000000000000000000000000
        )

)
Array
(
    [0x7777420dd0e5f0e13d51c831f77495a057aabbbb] => Array
        (
            [ddao_seed_aviable] => 803
            [ddao_seed_claimed] => 0
            [ddao_balance] => 0
            [ddao_private1_aviable] => 0
            [ddao_private1_claimed] => 0
            [ddao_private2_aviable] => 0
            [ddao_private2_claimed] => 0
        )

)
..